[error] 23-07-18 16:29:43 Scissors-Logger: {"message":"[object Object], BadRequestError: Unsupported image format","metadata":{}}
[error] 23-07-18 16:37:54 Scissors-Logger: {"message":"[object Object], BadRequestError: Unsupported image format","metadata":{}}
[error] 23-07-18 16:39:15 Scissors-Logger: {"message":"[object Object], BadRequestErroar: Unsupported image format","metadata":{}}
[error] 23-07-18 16:44:05 Scissors-Logger: {"message":"[object Object], BadRequestError: Unsupported image format","metadata":{}}
[error] 23-07-18 16:51:42 Scissors-Logger: {"message":"[object Object], NotFoundError: Route /api/v1/usfer/upload does not exist","metadata":{}}
[error] 23-07-18 16:53:58 Scissors-Logger: {"message":"[object Object], BadRequestError: Unsupported image format","metadata":{}}
[error] 23-07-18 17:10:43 Scissors-Logger: {"message":"[object Object], BadRequestError: File size limit exceeded","metadata":{}}
[error] 23-07-18 17:12:38 Scissors-Logger: {"message":"[object Object], Error: querySrv ETIMEOUT _mongodb._tcp.cluster0.oapakcc.mongodb.net","metadata":{}}
[error] 23-07-18 18:37:11 Scissors-Logger: {"message":"[object Object], TypeError: Cannot read properties of undefined (reading 'path')","metadata":{}}
[error] 23-07-18 18:48:34 Scissors-Logger: {"message":"[object Object], ValidationError: Firstname is required","metadata":{}}
[error] 23-07-18 20:31:35 Scissors-Logger: {"message":"[object Object], Error: Failed to serialize user into session","metadata":{}}
[error] 23-07-18 20:31:36 Scissors-Logger: {"message":"POST /api/v1/user/signup 500 Internal Server Error","metadata":{}}
[error] 23-07-18 21:24:43 Scissors-Logger: {"message":"[object Object], NotFoundError: Route /api/v1/usehgr/signup does not exist","metadata":{}}
[error] 23-07-18 21:26:12 Scissors-Logger: {"message":"[object Object], DuplicateError: Route /api/v1/usehgr/signup does not exist","metadata":{}}
[error] 23-07-18 21:42:33 Scissors-Logger: {"message":"[object Object], Error: Failed to serialize user into session","metadata":{}}
[error] 23-07-18 21:42:33 Scissors-Logger: {"message":"POST /api/v1/user/signup 500 Internal Server Error","metadata":{}}
[error] 23-07-18 21:44:05 Scissors-Logger: {"message":"[object Object], Error: Failed to serialize user into session","metadata":{}}
[error] 23-07-18 21:49:48 Scissors-Logger: {"message":"[object Object], Error: Failed to serialize user into session","metadata":{}}
[error] 23-07-18 21:49:49 Scissors-Logger: {"message":"POST /api/v1/user/signup 500 Internal Server Error","metadata":{}}
[error] 23-07-18 21:58:25 Scissors-Logger: {"message":"[object Object], DuplicateError: User with email exist, please signup with a new mail","metadata":{}}
[error] 23-07-18 22:00:01 Scissors-Logger: {"message":"[object Object], DuplicateError: User with email exist, please signup with a new mail","metadata":{}}
[error] 23-07-18 22:00:21 Scissors-Logger: {"message":"[object Object], Error: Failed to serialize user into session","metadata":{}}
[error] 23-07-18 22:00:22 Scissors-Logger: {"message":"POST /api/v1/user/signup 500 Internal Server Error","metadata":{}}
[error] 23-07-18 22:00:41 Scissors-Logger: {"message":"[object Object], DuplicateError: User with email exist, please signup with a new mail","metadata":{}}
[error] 23-07-18 22:00:52 Scissors-Logger: {"message":"[object Object], Error: Failed to serialize user into session","metadata":{}}
[error] 23-07-18 22:00:52 Scissors-Logger: {"message":"POST /api/v1/user/signup 500 Internal Server Error","metadata":{}}
[error] 23-07-18 22:01:54 Scissors-Logger: {"message":"[object Object], DuplicateError: User with email exist, please signup with a new mail","metadata":{}}
[error] 23-07-18 22:02:04 Scissors-Logger: {"message":"[object Object], Error: Failed to serialize user into session","metadata":{}}
[error] 23-07-18 22:02:04 Scissors-Logger: {"message":"POST /api/v1/user/signup 500 Internal Server Error","metadata":{}}
[error] 23-07-18 22:03:10 Scissors-Logger: {"message":"[object Object], Error: Failed to serialize user into session","metadata":{}}
[error] 23-07-18 22:03:10 Scissors-Logger: {"message":"POST /api/v1/user/signup 500 Internal Server Error","metadata":{}}
[error] 23-07-18 22:16:45 Scissors-Logger: {"message":"[object Object], DuplicateError: User with email exist, please signup with a new mail","metadata":{}}
[error] 23-07-18 22:17:01 Scissors-Logger: {"message":"[object Object], Error: Failed to serialize user into session","metadata":{}}
[error] 23-07-18 22:17:01 Scissors-Logger: {"message":"POST /api/v1/user/signup 500 Internal Server Error","metadata":{}}
[error] 23-07-18 22:23:38 Scissors-Logger: {"message":"[object Object], DuplicateError: User with email exist, please signup with a new mail","metadata":{}}
[error] 23-07-18 22:23:51 Scissors-Logger: {"message":"[object Object], Error: Failed to serialize user into session","metadata":{}}
[error] 23-07-18 22:23:51 Scissors-Logger: {"message":"POST /api/v1/user/signup 500 Internal Server Error","metadata":{}}
[error] 23-07-18 22:25:12 Scissors-Logger: {"message":"[object Object], DuplicateError: User with email exist, please signup with a new mail","metadata":{}}
[error] 23-07-18 22:25:24 Scissors-Logger: {"message":"[object Object], Error: Failed to serialize user into session","metadata":{}}
[error] 23-07-18 22:25:24 Scissors-Logger: {"message":"POST /api/v1/user/signup 500 Internal Server Error","metadata":{}}
[error] 23-07-18 22:29:33 Scissors-Logger: {"message":"[object Object], Error: Failed to serialize user into session","metadata":{}}
[error] 23-07-18 22:29:33 Scissors-Logger: {"message":"POST /api/v1/user/signup 500 Internal Server Error","metadata":{}}
[error] 23-07-18 22:32:31 Scissors-Logger: {"message":"[object Object], Error: Failed to serialize user into session","metadata":{}}
[error] 23-07-18 22:32:31 Scissors-Logger: {"message":"POST /api/v1/user/signup 500 Internal Server Error","metadata":{}}
[error] 23-07-18 22:37:23 Scissors-Logger: {"message":"[object Object], DuplicateError: User with email exist, please signup with a new mail","metadata":{}}
[error] 23-07-18 22:37:33 Scissors-Logger: {"message":"[object Object], Error: Failed to serialize user into session","metadata":{}}
[error] 23-07-18 22:37:34 Scissors-Logger: {"message":"POST /api/v1/user/signup 500 Internal Server Error","metadata":{}}
[error] 23-07-18 22:39:25 Scissors-Logger: {"message":"[object Object], DuplicateError: User with email exist, please signup with a new mail","metadata":{}}
[error] 23-07-18 22:39:36 Scissors-Logger: {"message":"[object Object], Error: Failed to serialize user into session","metadata":{}}
[error] 23-07-18 22:39:36 Scissors-Logger: {"message":"POST /api/v1/user/signup 500 Internal Server Error","metadata":{}}
[error] 23-07-18 22:51:20 Scissors-Logger: {"message":"[object Object], DuplicateError: User with email exist, please signup with a new mail","metadata":{}}
[error] 23-07-18 23:02:09 Scissors-Logger: {"message":"[object Object], DuplicateError: User with email exist, please signup with a new mail","metadata":{}}
[error] 23-07-18 23:05:31 Scissors-Logger: {"message":"[object Object], ValidationError: \"body.firstname\" must be a string","metadata":{}}
[error] 23-07-18 23:09:33 Scissors-Logger: {"message":"[object Object], ValidationError: Firstname can only be a string value","metadata":{}}
[error] 23-07-18 23:20:16 Scissors-Logger: {"message":"[object Object], BadRequestError: Value for sex can only be male/female/others","metadata":{}}
[error] 23-07-18 23:24:32 Scissors-Logger: {"message":"[object Object], ValidationError: \"body.sex\" must be one of [male, female, others]","metadata":{}}
[error] 23-07-18 23:58:09 Scissors-Logger: {"message":"[object Object], BadRequestError: repeat_password must be [ref:password]","metadata":{}}
[error] 23-07-18 23:58:50 Scissors-Logger: {"message":"[object Object], BadRequestError: password is not allowed to be empty","metadata":{}}
[error] 23-07-19 00:11:11 Scissors-Logger: {"message":"[object Object], Error: Failed to serialize user into session","metadata":{}}
[error] 23-07-19 00:11:46 Scissors-Logger: {"message":"[object Object], Error: Failed to serialize user into session","metadata":{}}
[error] 23-07-19 00:27:04 Scissors-Logger: {"message":"[object Object], Error: Failed to serialize user into session","metadata":{}}
[error] 23-07-19 00:35:22 Scissors-Logger: {"message":"[object Object], UnAuthorizedError: Unauthorized to access this route","metadata":{}}
[error] 23-07-19 00:36:04 Scissors-Logger: {"message":"[object Object], TypeError: Cannot set properties of undefined (setting 'role')","metadata":{}}
[error] 23-07-19 00:37:52 Scissors-Logger: {"message":"[object Object], TypeError: Cannot set properties of undefined (setting 'role')","metadata":{}}
[error] 23-07-19 00:39:58 Scissors-Logger: {"message":"[object Object], MongoServerError: Cannot do exclusion on field password in inclusion projection","metadata":{}}
[error] 23-07-19 00:39:58 Scissors-Logger: {"message":"GET /api/v1/user/users 500 Internal Server Error","metadata":{}}
[error] 23-07-19 01:05:47 Scissors-Logger: {"message":"[object Object], BadRequestError: is_active must be a boolean","metadata":{}}
[error] 23-07-19 01:06:02 Scissors-Logger: {"message":"[object Object], BadRequestError: roles is not allowed","metadata":{}}
[error] 23-07-19 01:06:23 Scissors-Logger: {"message":"[object Object], BadRequestError: role must be one of [user, admin, owner]","metadata":{}}
[error] 23-07-19 01:40:22 Scissors-Logger: {"message":"[object Object], BadRequestError: email must be a valid email","metadata":{}}
[error] 23-07-19 01:59:02 Scissors-Logger: {"message":"[object Object], BadRequestError: email is not allowed","metadata":{}}
[error] 23-07-19 02:00:46 Scissors-Logger: {"message":"[object Object], BadRequestError: search does not match any of the allowed types","metadata":{}}
[error] 23-07-19 02:01:42 Scissors-Logger: {"message":"[object Object], BadRequestError: search does not match any of the allowed types","metadata":{}}
[error] 23-07-19 02:04:07 Scissors-Logger: {"message":"[object Object], BadRequestError: search does not match any of the allowed types","metadata":{}}
[error] 23-07-19 02:05:44 Scissors-Logger: {"message":"[object Object], NotFoundError: No user found","metadata":{}}
[error] 23-07-19 02:06:11 Scissors-Logger: {"message":"[object Object], BadRequestError: search does not match any of the allowed types","metadata":{}}
[error] 23-07-19 02:09:00 Scissors-Logger: {"message":"[object Object], NotFoundError: No user found","metadata":{}}
[error] 23-07-19 02:16:31 Scissors-Logger: {"message":"[object Object], MongoServerError: $regex has to be a string","metadata":{}}
[error] 23-07-19 02:16:31 Scissors-Logger: {"message":"GET /api/v1/user/users 500 Internal Server Error","metadata":{}}
[error] 23-07-19 02:20:50 Scissors-Logger: {"message":"[object Object], BadRequestError: skip is not allowed","metadata":{}}
[error] 23-07-19 02:24:32 Scissors-Logger: {"message":"[object Object], NotFoundError: No user found","metadata":{}}
[error] 23-07-19 02:28:04 Scissors-Logger: {"message":"[object Object], NotFoundError: No user found","metadata":{}}
[error] 23-07-19 02:28:18 Scissors-Logger: {"message":"[object Object], NotFoundError: No user found","metadata":{}}
[error] 23-07-19 02:39:32 Scissors-Logger: {"message":"[object Object], TypeError: users.map is not a function","metadata":{}}
[error] 23-07-19 02:44:21 Scissors-Logger: {"message":"[object Object], UnAuthorizedError: You are unauthorized to carry out this operation","metadata":{}}
[error] 23-07-19 02:46:44 Scissors-Logger: {"message":"[object Object], UnAuthorizedError: You are unauthorized to carry out this operation","metadata":{}}
[error] 23-07-19 02:49:59 Scissors-Logger: {"message":"[object Object], BadRequestError: oldEmail must be a valid email","metadata":{}}
[error] 23-07-19 02:50:36 Scissors-Logger: {"message":"[object Object], BadRequestError: User with email farinubolu@gmail.com already exists, please try again with another email","metadata":{}}
[error] 23-07-19 02:51:36 Scissors-Logger: {"message":"[object Object], DuplicateError: User with email farinubolu@gmail.com already exists, please try again with another email","metadata":{}}
[error] 23-07-19 03:05:24 Scissors-Logger: {"message":"[object Object], BadRequestError: No device logged in","metadata":{}}
[error] 23-07-19 03:05:32 Scissors-Logger: {"message":"[object Object], BadRequestError: No device logged in","metadata":{}}
[error] 23-07-19 03:06:23 Scissors-Logger: {"message":"[object Object], BadRequestError: Password Incorrect, enter the correct password","metadata":{}}
[error] 23-07-19 03:06:35 Scissors-Logger: {"message":"[object Object], BadRequestError: password length must be at least 6 characters long","metadata":{}}
